<?xml version="1.0" encoding="UTF-8"?>
<!-- Generated by org.testng.reporters.JUnitXMLReporter -->
<testsuite ignored="2" hostname="LAPTOP-O84P5ERU" failures="0" tests="1" name="Test" time="15.555" errors="0" timestamp="31 Aug 2024 08:57:50 GMT">
  <testcase classname="com.testcases.Test_Scenarios" name="Scenario_1" time="0.0">
    <skipped/>
  </testcase> <!-- Scenario_1 -->
  <testcase classname="com.testcases.BaseTest" name="@BeforeSuite beforeSuite" time="0.0">
    <ignored/>
  </testcase> <!-- @BeforeSuite beforeSuite -->
  <testcase classname="com.testcases.BaseTest" name="@AfterSuite afterSuite" time="0.0">
    <ignored/>
  </testcase> <!-- @AfterSuite afterSuite -->
</testsuite> <!-- Test -->
